
> amis-boilerplate@1.0.0 start /project/qing/amis-admin
> node server.js

Web server listening on port http://0.0.0.0:3000
[0mGET / [32m200[0m 7.919 ms - 6821[0m
[0mGET /sdk/sdk.css [36m304[0m 3.094 ms - -[0m
[0mGET /sdk/sdk.js [36m304[0m 2.637 ms - -[0m
[0mGET /sdk/helper.css [36m304[0m 2.612 ms - -[0m
[0mGET /sdk/iconfont.css [36m304[0m 2.650 ms - -[0m
[0mGET /public/logo.png [36m304[0m 1.347 ms - -[0m
[0mGET /pages/site.json [36m304[0m 2.910 ms - -[0m
[0mGET /sdk/thirds/@fortawesome/fontawesome-free/webfonts/fa-solid-900.woff2 [36m304[0m 2.986 ms - -[0m
[0mGET /pages/runplans/runplans.json?_replace=1 [32m200[0m 2.462 ms - 10373[0m
[0mGET /sdk/thirds/@fortawesome/fontawesome-free/webfonts/fa-brands-400.woff2 [36m304[0m 2.993 ms - -[0m
[0mGET /sdk/thirds/@fortawesome/fontawesome-free/webfonts/fa-regular-400.woff2 [36m304[0m 3.424 ms - -[0m
[0mGET /favicon.ico [32m200[0m 2.736 ms - 6821[0m
[0mGET /favicon.ico [36m304[0m 1.392 ms - -[0m
[0mGET /pages/uitests/test.json?_replace=1 [36m304[0m 1.315 ms - -[0m
[0mGET /favicon.ico [36m304[0m 1.166 ms - -[0m
[0mGET /favicon.ico [36m304[0m 1.442 ms - -[0m
[0mGET / [36m304[0m 3.006 ms - -[0m
[0mGET /sdk/sdk.css [36m304[0m 1.246 ms - -[0m
[0mGET /sdk/iconfont.css [36m304[0m 2.007 ms - -[0m
[0mGET /sdk/helper.css [36m304[0m 2.190 ms - -[0m
[0mGET /sdk/sdk.js [36m304[0m 1.082 ms - -[0m
[0mGET /public/logo.png [36m304[0m 1.441 ms - -[0m
[0mGET /pages/site.json [36m304[0m 1.209 ms - -[0m
[0mGET /pages/uitests/test.json?_replace=1 [36m304[0m 1.268 ms - -[0m
[0mGET /favicon.ico [36m304[0m 1.400 ms - -[0m
[0mGET / [36m304[0m 3.521 ms - -[0m
[0mGET /sdk/sdk.css [36m304[0m 0.793 ms - -[0m
[0mGET /sdk/helper.css [36m304[0m 1.664 ms - -[0m
[0mGET /sdk/iconfont.css [36m304[0m 1.326 ms - -[0m
[0mGET /sdk/sdk.js [36m304[0m 1.485 ms - -[0m
[0mGET /public/logo.png [36m304[0m 1.456 ms - -[0m
[0mGET /pages/site.json [36m304[0m 1.355 ms - -[0m
[0mGET /pages/uitests/test.json?_replace=1 [36m304[0m 1.604 ms - -[0m
[0mGET /favicon.ico [36m304[0m 1.043 ms - -[0m
[0mGET /sdk/sdk.css [36m304[0m 4.130 ms - -[0m
[0mGET /sdk/helper.css [36m304[0m 4.608 ms - -[0m
[0mGET /sdk/iconfont.css [36m304[0m 4.874 ms - -[0m
[0mGET / [32m200[0m 3.450 ms - 6821[0m
[0mGET /sdk/iconfont.css [32m200[0m 11.566 ms - 153412[0m
[0mGET /sdk/helper.css [32m200[0m 12.097 ms - 967546[0m
[0mGET /sdk/sdk.js [32m200[0m 5.138 ms - 4508718[0m
[0mGET /sdk/sdk.css [32m200[0m 5.657 ms - 2464942[0m
[0mGET /sdk/thirds/@fortawesome/fontawesome-free/webfonts/fa-solid-900.woff2 [32m200[0m 2.215 ms - 156496[0m
[0mGET /public/logo.png [32m200[0m 5.564 ms - 6242[0m
[0mGET /pages/site.json [32m200[0m 2.765 ms - 5276[0m
[0mGET /pages/uitests/test.json?_replace=1 [32m200[0m 2.232 ms - 15482[0m
[0mGET /sdk/thirds/@fortawesome/fontawesome-free/webfonts/fa-regular-400.woff2 [32m200[0m 3.889 ms - 25452[0m
[0mGET /sdk/thirds/@fortawesome/fontawesome-free/webfonts/fa-brands-400.woff2 [32m200[0m 4.410 ms - 117372[0m
[0mGET /favicon.ico [32m200[0m 4.936 ms - 6821[0m
Killed

> amis-boilerplate@1.0.0 start /project/qing/amis-admin
> node server.js

Web server listening on port http://0.0.0.0:3000
[0mGET / [32m200[0m 7.056 ms - 6826[0m
[0mGET /sdk/iconfont.css [32m200[0m 4.438 ms - 153412[0m
[0mGET /sdk/helper.css [32m200[0m 9.016 ms - 967546[0m
[0mGET /sdk/sdk.css [32m200[0m 4.836 ms - 2464942[0m
[0mGET /sdk/sdk.js [32m200[0m 4.278 ms - 4508718[0m
[0mGET /sdk/thirds/@fortawesome/fontawesome-free/webfonts/fa-solid-900.woff2 [32m200[0m 2.500 ms - 156496[0m
[0mGET /public/logo.png [32m200[0m 3.721 ms - 6242[0m
[0mGET /pages/site.json [32m200[0m 1.417 ms - 5276[0m
[0mGET /pages/uitests/test.json?_replace=1 [32m200[0m 2.411 ms - 15482[0m
[0mGET /sdk/thirds/@fortawesome/fontawesome-free/webfonts/fa-regular-400.woff2 [32m200[0m 4.492 ms - 25452[0m
[0mGET /sdk/thirds/@fortawesome/fontawesome-free/webfonts/fa-brands-400.woff2 [32m200[0m 4.795 ms - 117372[0m
[0mGET /favicon.ico [32m200[0m 11.651 ms - 6826[0m
[0mGET / [32m200[0m 3.920 ms - 6826[0m
[0mGET /sdk/iconfont.css [32m200[0m 4.908 ms - 153412[0m
[0mGET /sdk/helper.css [32m200[0m 5.611 ms - 967546[0m
[0mGET /sdk/sdk.js [32m200[0m 4.311 ms - 4508718[0m
[0mGET /sdk/sdk.css [32m200[0m 2.491 ms - 2464942[0m
[0mGET /sdk/thirds/@fortawesome/fontawesome-free/webfonts/fa-solid-900.woff2 [32m200[0m 2.446 ms - 156496[0m
[0mGET /public/logo.png [32m200[0m 5.062 ms - 6242[0m
[0mGET /pages/site.json [32m200[0m 1.855 ms - 5276[0m
[0mGET /pages/uitests/test.json?_replace=1 [32m200[0m 2.400 ms - 17320[0m
[0mGET /sdk/thirds/@fortawesome/fontawesome-free/webfonts/fa-regular-400.woff2 [32m200[0m 4.153 ms - 25452[0m
[0mGET /sdk/thirds/@fortawesome/fontawesome-free/webfonts/fa-brands-400.woff2 [32m200[0m 4.526 ms - 117372[0m
[0mGET /favicon.ico [32m200[0m 2.398 ms - 6826[0m
[0mGET / [32m200[0m 4.418 ms - 6826[0m
[0mGET /sdk/iconfont.css [32m200[0m 5.736 ms - 153412[0m
[0mGET /sdk/helper.css [32m200[0m 5.835 ms - 967546[0m
[0mGET /sdk/sdk.css [32m200[0m 6.107 ms - 2464942[0m
[0mGET /sdk/sdk.js [32m200[0m 4.757 ms - 4508718[0m
[0mGET /sdk/thirds/@fortawesome/fontawesome-free/webfonts/fa-solid-900.woff2 [32m200[0m 2.489 ms - 156496[0m
[0mGET /public/logo.png [32m200[0m 3.666 ms - 6242[0m
[0mGET /pages/site.json [32m200[0m 1.092 ms - 5276[0m
[0mGET /pages/uitests/test.json?_replace=1 [32m200[0m 1.720 ms - 17775[0m
[0mGET /sdk/thirds/@fortawesome/fontawesome-free/webfonts/fa-regular-400.woff2 [32m200[0m 3.722 ms - 25452[0m
[0mGET /sdk/thirds/@fortawesome/fontawesome-free/webfonts/fa-brands-400.woff2 [32m200[0m 4.073 ms - 117372[0m
[0mGET /favicon.ico [32m200[0m 2.089 ms - 6826[0m
[0mGET / [32m200[0m 2.959 ms - 6826[0m
[0mGET /sdk/iconfont.css [32m200[0m 5.207 ms - 153412[0m
[0mGET /sdk/helper.css [32m200[0m 2.518 ms - 967546[0m
[0mGET /sdk/sdk.css [32m200[0m 2.408 ms - 2464942[0m
[0mGET /sdk/sdk.js [32m200[0m 3.034 ms - 4508718[0m
[0mGET /sdk/thirds/@fortawesome/fontawesome-free/webfonts/fa-solid-900.woff2 [32m200[0m 2.064 ms - 156496[0m
[0mGET /public/logo.png [32m200[0m 4.417 ms - 6242[0m
[0mGET /pages/site.json [32m200[0m 1.416 ms - 5276[0m
[0mGET /pages/uitests/test.json?_replace=1 [32m200[0m 2.101 ms - 17779[0m
[0mGET /sdk/thirds/@fortawesome/fontawesome-free/webfonts/fa-regular-400.woff2 [32m200[0m 5.425 ms - 25452[0m
[0mGET /sdk/thirds/@fortawesome/fontawesome-free/webfonts/fa-brands-400.woff2 [32m200[0m 5.733 ms - 117372[0m
[0mGET /favicon.ico [32m200[0m 1.941 ms - 6826[0m
[0mGET / [32m200[0m 1.874 ms - 6826[0m
[0mGET /sdk/iconfont.css [32m200[0m 2.031 ms - 153412[0m
[0mGET /sdk/helper.css [32m200[0m 2.016 ms - 967546[0m
[0mGET /sdk/sdk.css [32m200[0m 1.854 ms - 2464942[0m
[0mGET /sdk/sdk.js [32m200[0m 1.510 ms - 4508718[0m
[0mGET /sdk/thirds/@fortawesome/fontawesome-free/webfonts/fa-solid-900.woff2 [32m200[0m 1.979 ms - 156496[0m
[0mGET /public/logo.png [32m200[0m 2.892 ms - 6242[0m
[0mGET /pages/site.json [32m200[0m 0.996 ms - 5276[0m
[0mGET /pages/uitests/test.json?_replace=1 [32m200[0m 3.707 ms - 17779[0m
[0mGET /sdk/thirds/@fortawesome/fontawesome-free/webfonts/fa-regular-400.woff2 [32m200[0m 3.192 ms - 25452[0m
[0mGET /sdk/thirds/@fortawesome/fontawesome-free/webfonts/fa-brands-400.woff2 [32m200[0m 3.426 ms - 117372[0m
[0mGET /favicon.ico [32m200[0m 1.845 ms - 6826[0m
[0mGET / [32m200[0m 3.225 ms - 6826[0m
[0mGET /sdk/iconfont.css [32m200[0m 7.398 ms - 153412[0m
[0mGET /sdk/helper.css [32m200[0m 5.336 ms - 967546[0m
[0mGET /sdk/sdk.css [32m200[0m 12.931 ms - 2464942[0m
[0mGET /sdk/sdk.js [32m200[0m 5.430 ms - 4508718[0m
[0mGET /sdk/thirds/@fortawesome/fontawesome-free/webfonts/fa-solid-900.woff2 [32m200[0m 2.124 ms - 156496[0m
[0mGET /public/logo.png [32m200[0m 3.084 ms - 6242[0m
[0mGET /pages/site.json [32m200[0m 1.025 ms - 5276[0m
[0mGET /pages/uitests/test.json?_replace=1 [32m200[0m 1.857 ms - 17770[0m
[0mGET /sdk/thirds/@fortawesome/fontawesome-free/webfonts/fa-regular-400.woff2 [32m200[0m 3.700 ms - 25452[0m
[0mGET /sdk/thirds/@fortawesome/fontawesome-free/webfonts/fa-brands-400.woff2 [32m200[0m 4.305 ms - 117372[0m
[0mGET /favicon.ico [32m200[0m 1.974 ms - 6826[0m
[0mGET / [32m200[0m 3.906 ms - 6826[0m
[0mGET /sdk/iconfont.css [32m200[0m 3.622 ms - 153412[0m
[0mGET /sdk/helper.css [32m200[0m 4.008 ms - 967546[0m
[0mGET /sdk/sdk.css [32m200[0m 7.089 ms - 2464942[0m
[0mGET /sdk/sdk.js [32m200[0m 4.095 ms - 4508718[0m
[0mGET /sdk/thirds/@fortawesome/fontawesome-free/webfonts/fa-solid-900.woff2 [32m200[0m 2.524 ms - 156496[0m
[0mGET /public/logo.png [32m200[0m 3.184 ms - 6242[0m
[0mGET /pages/site.json [32m200[0m 1.156 ms - 5276[0m
[0mGET /pages/uitests/test.json?_replace=1 [32m200[0m 1.823 ms - 17774[0m
[0mGET /sdk/thirds/@fortawesome/fontawesome-free/webfonts/fa-regular-400.woff2 [32m200[0m 3.614 ms - 25452[0m
[0mGET /sdk/thirds/@fortawesome/fontawesome-free/webfonts/fa-brands-400.woff2 [32m200[0m 3.577 ms - 117372[0m
[0mGET /favicon.ico [32m200[0m 1.989 ms - 6826[0m
[0mGET / [32m200[0m 2.941 ms - 6826[0m
[0mGET /sdk/iconfont.css [32m200[0m 7.514 ms - 153412[0m
[0mGET /sdk/helper.css [32m200[0m 6.877 ms - 967546[0m
[0mGET /sdk/sdk.css [32m200[0m 1.979 ms - 2464942[0m
[0mGET /sdk/sdk.js [32m200[0m 3.483 ms - 4508718[0m
[0mGET /sdk/thirds/@fortawesome/fontawesome-free/webfonts/fa-solid-900.woff2 [32m200[0m 2.019 ms - 156496[0m
[0mGET /public/logo.png [32m200[0m 1.532 ms - 6242[0m
[0mGET /pages/site.json [32m200[0m 0.973 ms - 5276[0m
[0mGET /pages/uitests/test.json?_replace=1 [32m200[0m 1.717 ms - 17810[0m
[0mGET /sdk/thirds/@fortawesome/fontawesome-free/webfonts/fa-regular-400.woff2 [32m200[0m 4.213 ms - 25452[0m
[0mGET /sdk/thirds/@fortawesome/fontawesome-free/webfonts/fa-brands-400.woff2 [32m200[0m 2.038 ms - 117372[0m
[0mGET /favicon.ico [32m200[0m 1.890 ms - 6826[0m
[0mGET / [32m200[0m 1.732 ms - 6826[0m
[0mGET /sdk/iconfont.css [32m200[0m 4.127 ms - 153412[0m
[0mGET /sdk/sdk.css [32m200[0m 1.735 ms - 2464942[0m
[0mGET /sdk/helper.css [32m200[0m 7.856 ms - 967546[0m
[0mGET /sdk/sdk.js [32m200[0m 2.444 ms - 4508718[0m
[0mGET /sdk/thirds/@fortawesome/fontawesome-free/webfonts/fa-solid-900.woff2 [32m200[0m 1.960 ms - 156496[0m
[0mGET /public/logo.png [32m200[0m 1.573 ms - 6242[0m
[0mGET /pages/site.json [32m200[0m 1.538 ms - 5276[0m
[0mGET /pages/uitests/test.json?_replace=1 [32m200[0m 1.841 ms - 17812[0m
[0mGET /sdk/thirds/@fortawesome/fontawesome-free/webfonts/fa-regular-400.woff2 [32m200[0m 2.985 ms - 25452[0m
[0mGET /sdk/thirds/@fortawesome/fontawesome-free/webfonts/fa-brands-400.woff2 [32m200[0m 3.206 ms - 117372[0m
[0mGET /favicon.ico [32m200[0m 1.904 ms - 6826[0m
[0mGET / [32m200[0m 2.127 ms - 6826[0m
[0mGET /sdk/iconfont.css [32m200[0m 4.621 ms - 153412[0m
[0mGET /sdk/helper.css [32m200[0m 5.702 ms - 967546[0m
[0mGET /sdk/sdk.css [32m200[0m 1.732 ms - 2464942[0m
[0mGET /sdk/sdk.js [32m200[0m 1.027 ms - 4508718[0m
[0mGET /sdk/thirds/@fortawesome/fontawesome-free/webfonts/fa-solid-900.woff2 [32m200[0m 1.772 ms - 156496[0m
[0mGET /public/logo.png [32m200[0m 1.572 ms - 6242[0m
[0mGET /pages/site.json [32m200[0m 1.091 ms - 5276[0m
[0mGET /pages/uitests/test.json?_replace=1 [32m200[0m 1.664 ms - 17812[0m
[0mGET /sdk/thirds/@fortawesome/fontawesome-free/webfonts/fa-regular-400.woff2 [32m200[0m 2.826 ms - 25452[0m
[0mGET /sdk/thirds/@fortawesome/fontawesome-free/webfonts/fa-brands-400.woff2 [32m200[0m 3.078 ms - 117372[0m
[0mGET /favicon.ico [32m200[0m 1.828 ms - 6826[0m
[0mGET / [32m200[0m 2.628 ms - 6826[0m
[0mGET /sdk/iconfont.css [32m200[0m 3.046 ms - 153412[0m
[0mGET /sdk/helper.css [32m200[0m 3.331 ms - 967546[0m
[0mGET /sdk/sdk.js [32m200[0m 2.086 ms - 4508718[0m
[0mGET /sdk/sdk.css [32m200[0m 1.616 ms - 2464942[0m
[0mGET /sdk/thirds/@fortawesome/fontawesome-free/webfonts/fa-solid-900.woff2 [32m200[0m 1.812 ms - 156496[0m
[0mGET /public/logo.png [32m200[0m 1.307 ms - 6242[0m
[0mGET /pages/site.json [32m200[0m 1.072 ms - 5276[0m
[0mGET /pages/uitests/test.json?_replace=1 [32m200[0m 1.692 ms - 17736[0m
[0mGET /sdk/thirds/@fortawesome/fontawesome-free/webfonts/fa-regular-400.woff2 [32m200[0m 3.073 ms - 25452[0m
[0mGET /sdk/thirds/@fortawesome/fontawesome-free/webfonts/fa-brands-400.woff2 [32m200[0m 2.833 ms - 117372[0m
[0mGET /favicon.ico [32m200[0m 1.726 ms - 6826[0m
[0mGET /favicon.ico [32m200[0m 2.882 ms - 6826[0m
[0mGET /pages/interface_cases/api_cases_ku.json?_replace=1 [32m200[0m 2.056 ms - 16962[0m
[0mGET /favicon.ico [32m200[0m 1.610 ms - 6826[0m
[0mGET /favicon.ico [32m200[0m 1.888 ms - 6826[0m
[0mGET /favicon.ico [32m200[0m 2.105 ms - 6826[0m
[0mGET /pages/toge_cases/toge_cases.json?_replace=1 [32m200[0m 4.312 ms - 8229[0m
[0mGET /favicon.ico [32m200[0m 1.899 ms - 6826[0m
[0mGET /pages/runplans/runplans.json?_replace=1 [32m200[0m 1.931 ms - 10373[0m
[0mGET /favicon.ico [32m200[0m 1.641 ms - 6826[0m
[0mGET /favicon.ico [32m200[0m 1.843 ms - 6826[0m
[0mGET /pages/interface_cases/api_cases_ku.json?_replace=1 [32m200[0m 1.659 ms - 16962[0m
[0mGET /favicon.ico [32m200[0m 1.661 ms - 6826[0m
[0mGET /favicon.ico [32m200[0m 1.810 ms - 6826[0m
[0mGET /favicon.ico [32m200[0m 1.704 ms - 6826[0m
[0mGET /favicon.ico [32m200[0m 1.828 ms - 6826[0m
[0mGET /favicon.ico [32m200[0m 1.158 ms - 6826[0m
[0mGET /favicon.ico [32m200[0m 1.145 ms - 6826[0m
[0mGET /favicon.ico [32m200[0m 1.644 ms - 6826[0m
[0mGET /favicon.ico [32m200[0m 1.577 ms - 6826[0m
[0mGET /favicon.ico [32m200[0m 1.839 ms - 6826[0m
[0mGET /favicon.ico [32m200[0m 1.702 ms - 6826[0m
[0mGET /favicon.ico [32m200[0m 1.743 ms - 6826[0m
[0mGET /pages/uitests/test.json?_replace=1 [32m200[0m 2.054 ms - 17736[0m
[0mGET /favicon.ico [32m200[0m 1.802 ms - 6826[0m
[0mGET / [32m200[0m 3.217 ms - 6826[0m
[0mGET /sdk/iconfont.css [32m200[0m 3.232 ms - 153412[0m
[0mGET /sdk/helper.css [32m200[0m 3.601 ms - 967546[0m
[0mGET /sdk/sdk.css [32m200[0m 3.954 ms - 2464942[0m
[0mGET /sdk/sdk.js [32m200[0m 1.679 ms - 4508718[0m
[0mGET /sdk/thirds/@fortawesome/fontawesome-free/webfonts/fa-solid-900.woff2 [32m200[0m 2.439 ms - 156496[0m
[0mGET /pages/site.json [32m200[0m 1.908 ms - 5276[0m
[0mGET /public/logo.png [32m200[0m 4.385 ms - 6242[0m
[0mGET /pages/uitests/test.json?_replace=1 [32m200[0m 2.113 ms - 18148[0m
[0mGET /sdk/thirds/@fortawesome/fontawesome-free/webfonts/fa-regular-400.woff2 [32m200[0m 3.276 ms - 25452[0m
[0mGET /sdk/thirds/@fortawesome/fontawesome-free/webfonts/fa-brands-400.woff2 [32m200[0m 3.517 ms - 117372[0m
[0mGET /favicon.ico [32m200[0m 1.846 ms - 6826[0m
[0mGET /sdk/thirds/monaco-editor/min/vs/loader.js [32m200[0m 3.603 ms - 33227[0m
[0mGET /sdk/thirds/monaco-editor/min/vs/thirds/monaco-editor/min-maps/vs/loader.js.map [32m200[0m 6.308 ms - 6826[0m
[0mGET /sdk/thirds/monaco-editor/min/vs/editor/editor.main.js [32m200[0m 3.875 ms - 2792320[0m
[0mGET /sdk/thirds/monaco-editor/min/vs/editor/editor.main.css [32m200[0m 3.838 ms - 72052[0m
[0mGET /sdk/thirds/monaco-editor/min/vs/editor/editor.main.nls.zh-cn.js [32m200[0m 3.735 ms - 113585[0m
[0mGET /sdk/thirds/monaco-editor/min/vs/editor/thirds/monaco-editor/min-maps/vs/editor/editor.main.js.map [32m200[0m 2.395 ms - 6826[0m
[0mGET /sdk/thirds/monaco-editor/min/vs/editor/thirds/monaco-editor/min-maps/vs/editor/editor.main.nls.zh-cn.js.map [32m200[0m 1.520 ms - 6826[0m
[0mGET /sdk/thirds/monaco-editor/min/vs/base/worker/workerMain.js [32m200[0m 2.914 ms - 192866[0m
[0mGET /sdk/thirds/monaco-editor/min/vs/base/worker/thirds/monaco-editor/min-maps/vs/base/worker/workerMain.js.map [32m200[0m 2.548 ms - 6826[0m
[0mGET /sdk/thirds/monaco-editor/min/vs/base/browser/ui/codicons/codicon/codicon.ttf [32m200[0m 3.586 ms - 68156[0m
[0mGET / [32m200[0m 2.167 ms - 6826[0m
[0mGET /sdk/iconfont.css [32m200[0m 3.249 ms - 153412[0m
[0mGET /sdk/helper.css [32m200[0m 5.608 ms - 967546[0m
[0mGET /sdk/sdk.js [32m200[0m 2.520 ms - 4508718[0m
[0mGET /sdk/sdk.css [32m200[0m 1.961 ms - 2464942[0m
[0mGET /pages/site.json [32m200[0m 7.520 ms - 5276[0m
[0mGET /public/logo.png [32m200[0m 7.966 ms - 6242[0m
[0mGET /sdk/thirds/@fortawesome/fontawesome-free/webfonts/fa-solid-900.woff2 [32m200[0m 7.755 ms - 156496[0m
[0mGET /pages/uitests/test.json?_replace=1 [32m200[0m 2.127 ms - 17798[0m
[0mGET /sdk/thirds/@fortawesome/fontawesome-free/webfonts/fa-regular-400.woff2 [32m200[0m 3.095 ms - 25452[0m
[0mGET /sdk/thirds/@fortawesome/fontawesome-free/webfonts/fa-brands-400.woff2 [32m200[0m 3.209 ms - 117372[0m
[0mGET /favicon.ico [32m200[0m 1.952 ms - 6826[0m
[0mGET /sdk/thirds/monaco-editor/min/vs/loader.js [32m200[0m 1.057 ms - 33227[0m
[0mGET /sdk/thirds/monaco-editor/min/vs/thirds/monaco-editor/min-maps/vs/loader.js.map [32m200[0m 2.177 ms - 6826[0m
[0mGET /sdk/thirds/monaco-editor/min/vs/editor/editor.main.js [32m200[0m 1.463 ms - 2792320[0m
[0mGET /sdk/thirds/monaco-editor/min/vs/editor/editor.main.css [32m200[0m 1.951 ms - 72052[0m
[0mGET /sdk/thirds/monaco-editor/min/vs/editor/editor.main.nls.zh-cn.js [32m200[0m 1.410 ms - 113585[0m
[0mGET /sdk/thirds/monaco-editor/min/vs/editor/thirds/monaco-editor/min-maps/vs/editor/editor.main.js.map [32m200[0m 2.693 ms - 6826[0m
[0mGET /sdk/thirds/monaco-editor/min/vs/editor/thirds/monaco-editor/min-maps/vs/editor/editor.main.nls.zh-cn.js.map [32m200[0m 2.718 ms - 6826[0m
[0mGET /sdk/thirds/monaco-editor/min/vs/base/worker/workerMain.js [32m200[0m 2.061 ms - 192866[0m
[0mGET /sdk/thirds/monaco-editor/min/vs/base/worker/thirds/monaco-editor/min-maps/vs/base/worker/workerMain.js.map [32m200[0m 2.421 ms - 6826[0m
[0mGET /sdk/thirds/monaco-editor/min/vs/base/browser/ui/codicons/codicon/codicon.ttf [32m200[0m 2.395 ms - 68156[0m
[0mGET / [32m200[0m 3.017 ms - 6826[0m
[0mGET /sdk/iconfont.css [32m200[0m 4.056 ms - 153412[0m
[0mGET /sdk/helper.css [32m200[0m 5.303 ms - 967546[0m
[0mGET /sdk/sdk.css [32m200[0m 2.312 ms - 2464942[0m
[0mGET /sdk/sdk.js [32m200[0m 3.571 ms - 4508718[0m
[0mGET /sdk/thirds/@fortawesome/fontawesome-free/webfonts/fa-solid-900.woff2 [32m200[0m 2.079 ms - 156496[0m
[0mGET /public/logo.png [32m200[0m 3.645 ms - 6242[0m
[0mGET /pages/site.json [32m200[0m 1.072 ms - 5276[0m
[0mGET /pages/uitests/test.json?_replace=1 [32m200[0m 1.735 ms - 17861[0m
[0mGET /sdk/thirds/@fortawesome/fontawesome-free/webfonts/fa-regular-400.woff2 [32m200[0m 3.356 ms - 25452[0m
[0mGET /sdk/thirds/@fortawesome/fontawesome-free/webfonts/fa-brands-400.woff2 [32m200[0m 3.490 ms - 117372[0m
[0mGET /favicon.ico [32m200[0m 1.978 ms - 6826[0m
[0mGET / [32m200[0m 2.922 ms - 6826[0m
[0mGET /sdk/iconfont.css [32m200[0m 5.089 ms - 153412[0m
[0mGET /sdk/helper.css [32m200[0m 4.507 ms - 967546[0m
[0mGET /sdk/sdk.css [32m200[0m 2.126 ms - 2464942[0m
[0mGET /sdk/sdk.js [32m200[0m 5.356 ms - 4508718[0m
[0mGET /public/logo.png [32m200[0m 3.088 ms - 6242[0m
[0mGET /sdk/thirds/@fortawesome/fontawesome-free/webfonts/fa-solid-900.woff2 [32m200[0m 4.777 ms - 156496[0m
[0mGET /pages/site.json [32m200[0m 1.656 ms - 5276[0m
[0mGET /pages/uitests/test.json?_replace=1 [32m200[0m 1.703 ms - 17944[0m
[0mGET /sdk/thirds/@fortawesome/fontawesome-free/webfonts/fa-regular-400.woff2 [32m200[0m 3.152 ms - 25452[0m
[0mGET /sdk/thirds/@fortawesome/fontawesome-free/webfonts/fa-brands-400.woff2 [32m200[0m 3.276 ms - 117372[0m
[0mGET /favicon.ico [32m200[0m 1.928 ms - 6826[0m
[0mGET /sdk/thirds/monaco-editor/min/vs/loader.js [32m200[0m 2.083 ms - 33227[0m
[0mGET /sdk/thirds/monaco-editor/min/vs/thirds/monaco-editor/min-maps/vs/loader.js.map [32m200[0m 5.132 ms - 6826[0m
[0mGET /sdk/thirds/monaco-editor/min/vs/editor/editor.main.js [32m200[0m 1.714 ms - 2792320[0m
[0mGET /sdk/thirds/monaco-editor/min/vs/editor/editor.main.css [32m200[0m 1.661 ms - 72052[0m
[0mGET /sdk/thirds/monaco-editor/min/vs/editor/editor.main.nls.zh-cn.js [32m200[0m 1.756 ms - 113585[0m
[0mGET /sdk/thirds/monaco-editor/min/vs/editor/thirds/monaco-editor/min-maps/vs/editor/editor.main.js.map [32m200[0m 2.331 ms - 6826[0m
[0mGET /sdk/thirds/monaco-editor/min/vs/editor/thirds/monaco-editor/min-maps/vs/editor/editor.main.nls.zh-cn.js.map [32m200[0m 2.399 ms - 6826[0m
[0mGET /sdk/thirds/monaco-editor/min/vs/base/worker/workerMain.js [32m200[0m 1.715 ms - 192866[0m
[0mGET /sdk/thirds/monaco-editor/min/vs/base/worker/thirds/monaco-editor/min-maps/vs/base/worker/workerMain.js.map [32m200[0m 2.319 ms - 6826[0m
[0mGET /sdk/thirds/monaco-editor/min/vs/base/browser/ui/codicons/codicon/codicon.ttf [32m200[0m 4.457 ms - 68156[0m
[0mGET / [32m200[0m 3.134 ms - 6826[0m
[0mGET /sdk/iconfont.css [32m200[0m 2.931 ms - 153412[0m
[0mGET /sdk/helper.css [32m200[0m 2.642 ms - 967546[0m
[0mGET /sdk/sdk.js [32m200[0m 2.808 ms - 4508718[0m
[0mGET /sdk/sdk.css [32m200[0m 1.839 ms - 2464942[0m
[0mGET /sdk/thirds/@fortawesome/fontawesome-free/webfonts/fa-solid-900.woff2 [32m200[0m 1.807 ms - 156496[0m
[0mGET /public/logo.png [32m200[0m 1.333 ms - 6242[0m
[0mGET /pages/site.json [32m200[0m 0.843 ms - 5276[0m
[0mGET /pages/uitests/test.json?_replace=1 [32m200[0m 1.703 ms - 17979[0m
[0mGET /sdk/thirds/@fortawesome/fontawesome-free/webfonts/fa-regular-400.woff2 [32m200[0m 3.002 ms - 25452[0m
[0mGET /sdk/thirds/@fortawesome/fontawesome-free/webfonts/fa-brands-400.woff2 [32m200[0m 3.406 ms - 117372[0m
[0mGET /favicon.ico [32m200[0m 1.863 ms - 6826[0m
[0mGET / [32m200[0m 2.404 ms - 6826[0m
[0mGET /sdk/iconfont.css [32m200[0m 5.241 ms - 153412[0m
[0mGET /sdk/helper.css [32m200[0m 5.068 ms - 967546[0m
[0mGET /sdk/sdk.css [32m200[0m 2.465 ms - 2464942[0m
[0mGET /sdk/sdk.js [32m200[0m 5.356 ms - 4508718[0m
[0mGET /sdk/thirds/@fortawesome/fontawesome-free/webfonts/fa-solid-900.woff2 [32m200[0m 1.826 ms - 156496[0m
[0mGET /public/logo.png [32m200[0m 2.716 ms - 6242[0m
[0mGET /pages/site.json [32m200[0m 1.383 ms - 5276[0m
[0mGET /pages/uitests/test.json?_replace=1 [32m200[0m 1.637 ms - 17979[0m
[0mGET /sdk/thirds/@fortawesome/fontawesome-free/webfonts/fa-regular-400.woff2 [32m200[0m 3.246 ms - 25452[0m
[0mGET /sdk/thirds/@fortawesome/fontawesome-free/webfonts/fa-brands-400.woff2 [32m200[0m 3.767 ms - 117372[0m
[0mGET /favicon.ico [32m200[0m 1.741 ms - 6826[0m
[0mGET /sdk/thirds/monaco-editor/min/vs/loader.js [32m200[0m 2.121 ms - 33227[0m
[0mGET /sdk/thirds/monaco-editor/min/vs/editor/editor.main.js [32m200[0m 1.741 ms - 2792320[0m
[0mGET /sdk/thirds/monaco-editor/min/vs/thirds/monaco-editor/min-maps/vs/loader.js.map [32m200[0m 1.461 ms - 6826[0m
[0mGET /sdk/thirds/monaco-editor/min/vs/editor/editor.main.css [32m200[0m 1.636 ms - 72052[0m
[0mGET /sdk/thirds/monaco-editor/min/vs/editor/editor.main.nls.zh-cn.js [32m200[0m 1.523 ms - 113585[0m
[0mGET /sdk/thirds/monaco-editor/min/vs/editor/thirds/monaco-editor/min-maps/vs/editor/editor.main.js.map [32m200[0m 2.104 ms - 6826[0m
[0mGET /sdk/thirds/monaco-editor/min/vs/editor/thirds/monaco-editor/min-maps/vs/editor/editor.main.nls.zh-cn.js.map [32m200[0m 2.415 ms - 6826[0m
[0mGET /sdk/thirds/monaco-editor/min/vs/base/worker/workerMain.js [32m200[0m 1.719 ms - 192866[0m
[0mGET /sdk/thirds/monaco-editor/min/vs/base/worker/thirds/monaco-editor/min-maps/vs/base/worker/workerMain.js.map [32m200[0m 2.245 ms - 6826[0m
[0mGET / [32m200[0m 2.462 ms - 6826[0m
[0mGET /sdk/iconfont.css [32m200[0m 4.331 ms - 153412[0m
[0mGET /sdk/helper.css [32m200[0m 5.310 ms - 967546[0m
[0mGET /sdk/sdk.css [32m200[0m 1.581 ms - 2464942[0m
[0mGET /sdk/sdk.js [32m200[0m 6.541 ms - 4508718[0m
[0mGET /sdk/thirds/@fortawesome/fontawesome-free/webfonts/fa-solid-900.woff2 [32m200[0m 1.767 ms - 156496[0m
[0mGET /public/logo.png [32m200[0m 1.441 ms - 6242[0m
[0mGET /pages/site.json [32m200[0m 0.788 ms - 5276[0m
[0mGET /pages/uitests/test.json?_replace=1 [32m200[0m 1.558 ms - 17980[0m
[0mGET /sdk/thirds/@fortawesome/fontawesome-free/webfonts/fa-regular-400.woff2 [32m200[0m 2.794 ms - 25452[0m
[0mGET /sdk/thirds/@fortawesome/fontawesome-free/webfonts/fa-brands-400.woff2 [32m200[0m 3.018 ms - 117372[0m
[0mGET /favicon.ico [32m200[0m 1.840 ms - 6826[0m
[0mGET /sdk/thirds/monaco-editor/min/vs/loader.js [32m200[0m 1.669 ms - 33227[0m
[0mGET /sdk/thirds/monaco-editor/min/vs/thirds/monaco-editor/min-maps/vs/loader.js.map [32m200[0m 2.165 ms - 6826[0m
[0mGET /sdk/thirds/monaco-editor/min/vs/editor/editor.main.js [32m200[0m 1.761 ms - 2792320[0m
[0mGET /sdk/thirds/monaco-editor/min/vs/editor/editor.main.css [32m200[0m 1.863 ms - 72052[0m
[0mGET /sdk/thirds/monaco-editor/min/vs/editor/editor.main.nls.zh-cn.js [32m200[0m 1.417 ms - 113585[0m
[0mGET /sdk/thirds/monaco-editor/min/vs/editor/thirds/monaco-editor/min-maps/vs/editor/editor.main.js.map [32m200[0m 4.382 ms - 6826[0m
[0mGET /sdk/thirds/monaco-editor/min/vs/editor/thirds/monaco-editor/min-maps/vs/editor/editor.main.nls.zh-cn.js.map [32m200[0m 2.379 ms - 6826[0m
[0mGET /sdk/thirds/monaco-editor/min/vs/base/worker/workerMain.js [32m200[0m 1.689 ms - 192866[0m
[0mGET /sdk/thirds/monaco-editor/min/vs/base/worker/thirds/monaco-editor/min-maps/vs/base/worker/workerMain.js.map [32m200[0m 2.494 ms - 6826[0m
[0mGET / [32m200[0m 1.814 ms - 6826[0m
[0mGET /sdk/iconfont.css [32m200[0m 3.057 ms - 153412[0m
[0mGET /sdk/helper.css [32m200[0m 3.354 ms - 967546[0m
[0mGET /sdk/sdk.css [32m200[0m 1.505 ms - 2464942[0m
[0mGET /sdk/sdk.js [32m200[0m 1.226 ms - 4508718[0m
[0mGET /public/logo.png [32m200[0m 4.470 ms - 6242[0m
[0mGET /pages/site.json [32m200[0m 4.906 ms - 5276[0m
[0mGET /sdk/thirds/@fortawesome/fontawesome-free/webfonts/fa-solid-900.woff2 [32m200[0m 4.648 ms - 156496[0m
[0mGET /pages/uitests/test.json?_replace=1 [32m200[0m 1.762 ms - 17980[0m
[0mGET /sdk/thirds/@fortawesome/fontawesome-free/webfonts/fa-regular-400.woff2 [32m200[0m 5.019 ms - 25452[0m
[0mGET /sdk/thirds/@fortawesome/fontawesome-free/webfonts/fa-brands-400.woff2 [32m200[0m 5.164 ms - 117372[0m
[0mGET /favicon.ico [32m200[0m 1.826 ms - 6826[0m
[0mGET /sdk/thirds/monaco-editor/min/vs/loader.js [32m200[0m 2.267 ms - 33227[0m
[0mGET /sdk/thirds/monaco-editor/min/vs/thirds/monaco-editor/min-maps/vs/loader.js.map [32m200[0m 3.650 ms - 6826[0m
[0mGET /sdk/thirds/monaco-editor/min/vs/editor/editor.main.js [32m200[0m 1.745 ms - 2792320[0m
[0mGET /sdk/thirds/monaco-editor/min/vs/editor/editor.main.css [32m200[0m 1.670 ms - 72052[0m
[0mGET /sdk/thirds/monaco-editor/min/vs/editor/editor.main.nls.zh-cn.js [32m200[0m 1.719 ms - 113585[0m
[0mGET /sdk/thirds/monaco-editor/min/vs/editor/thirds/monaco-editor/min-maps/vs/editor/editor.main.js.map [32m200[0m 2.020 ms - 6826[0m
[0mGET /sdk/thirds/monaco-editor/min/vs/editor/thirds/monaco-editor/min-maps/vs/editor/editor.main.nls.zh-cn.js.map [32m200[0m 2.546 ms - 6826[0m
[0mGET /sdk/thirds/monaco-editor/min/vs/base/worker/workerMain.js [32m200[0m 1.389 ms - 192866[0m
[0mGET /sdk/thirds/monaco-editor/min/vs/base/worker/thirds/monaco-editor/min-maps/vs/base/worker/workerMain.js.map [32m200[0m 2.921 ms - 6826[0m
[0mGET /sdk/thirds/monaco-editor/min/vs/base/browser/ui/codicons/codicon/codicon.ttf [32m200[0m 2.129 ms - 68156[0m
[0mGET / [32m200[0m 1.719 ms - 6826[0m
[0mGET /sdk/iconfont.css [32m200[0m 4.657 ms - 153412[0m
[0mGET /sdk/helper.css [32m200[0m 7.791 ms - 967546[0m
[0mGET /sdk/sdk.css [32m200[0m 1.727 ms - 2464942[0m
[0mGET /sdk/sdk.js [32m200[0m 2.986 ms - 4508718[0m
[0mGET /sdk/thirds/@fortawesome/fontawesome-free/webfonts/fa-solid-900.woff2 [32m200[0m 1.827 ms - 156496[0m
[0mGET /public/logo.png [32m200[0m 2.628 ms - 6242[0m
[0mGET /pages/site.json [32m200[0m 1.172 ms - 5276[0m
[0mGET /pages/uitests/test.json?_replace=1 [32m200[0m 1.741 ms - 22881[0m
[0mGET /sdk/thirds/@fortawesome/fontawesome-free/webfonts/fa-regular-400.woff2 [32m200[0m 3.098 ms - 25452[0m
[0mGET /sdk/thirds/@fortawesome/fontawesome-free/webfonts/fa-brands-400.woff2 [32m200[0m 3.363 ms - 117372[0m
[0mGET /favicon.ico [32m200[0m 1.982 ms - 6826[0m
[0mGET /sdk/thirds/monaco-editor/min/vs/loader.js [32m200[0m 1.348 ms - 33227[0m
[0mGET /sdk/thirds/monaco-editor/min/vs/thirds/monaco-editor/min-maps/vs/loader.js.map [32m200[0m 3.518 ms - 6826[0m
[0mGET /sdk/thirds/monaco-editor/min/vs/editor/editor.main.js [32m200[0m 1.909 ms - 2792320[0m
[0mGET /sdk/thirds/monaco-editor/min/vs/editor/editor.main.css [32m200[0m 1.813 ms - 72052[0m
[0mGET /sdk/thirds/monaco-editor/min/vs/editor/editor.main.nls.zh-cn.js [32m200[0m 1.772 ms - 113585[0m
[0mGET /sdk/thirds/monaco-editor/min/vs/editor/thirds/monaco-editor/min-maps/vs/editor/editor.main.js.map [32m200[0m 2.318 ms - 6826[0m
[0mGET /sdk/thirds/monaco-editor/min/vs/editor/thirds/monaco-editor/min-maps/vs/editor/editor.main.nls.zh-cn.js.map [32m200[0m 2.745 ms - 6826[0m
[0mGET /sdk/thirds/monaco-editor/min/vs/base/worker/workerMain.js [32m200[0m 1.685 ms - 192866[0m
[0mGET /sdk/thirds/monaco-editor/min/vs/base/worker/thirds/monaco-editor/min-maps/vs/base/worker/workerMain.js.map [32m200[0m 2.470 ms - 6826[0m
[0mGET /sdk/thirds/monaco-editor/min/vs/base/browser/ui/codicons/codicon/codicon.ttf [32m200[0m 1.892 ms - 68156[0m
[0mGET / [32m200[0m 3.928 ms - 6826[0m
[0mGET /sdk/iconfont.css [32m200[0m 5.341 ms - 153412[0m
[0mGET /sdk/helper.css [32m200[0m 5.201 ms - 967546[0m
[0mGET /sdk/sdk.css [32m200[0m 1.799 ms - 2464942[0m
[0mGET /sdk/sdk.js [32m200[0m 3.669 ms - 4508718[0m
[0mGET /sdk/thirds/@fortawesome/fontawesome-free/webfonts/fa-solid-900.woff2 [32m200[0m 1.889 ms - 156496[0m
[0mGET /public/logo.png [32m200[0m 4.926 ms - 6242[0m
[0mGET /pages/site.json [32m200[0m 1.076 ms - 5276[0m
[0mGET /pages/uitests/test.json?_replace=1 [32m200[0m 2.014 ms - 22973[0m
[0mGET /sdk/thirds/@fortawesome/fontawesome-free/webfonts/fa-regular-400.woff2 [32m200[0m 2.967 ms - 25452[0m
[0mGET /sdk/thirds/@fortawesome/fontawesome-free/webfonts/fa-brands-400.woff2 [32m200[0m 3.173 ms - 117372[0m
[0mGET /favicon.ico [32m200[0m 1.866 ms - 6826[0m
[0mGET / [32m200[0m 1.757 ms - 6826[0m
[0mGET /sdk/iconfont.css [32m200[0m 4.576 ms - 153412[0m
[0mGET /sdk/helper.css [32m200[0m 2.373 ms - 967546[0m
[0mGET /sdk/sdk.js [32m200[0m 3.746 ms - 4508718[0m
[0mGET /sdk/sdk.css [32m200[0m 1.848 ms - 2464942[0m
[0mGET /sdk/thirds/@fortawesome/fontawesome-free/webfonts/fa-solid-900.woff2 [32m200[0m 1.728 ms - 156496[0m
[0mGET /public/logo.png [32m200[0m 1.744 ms - 6242[0m
[0mGET /pages/site.json [32m200[0m 3.695 ms - 5276[0m
[0mGET /pages/uitests/test.json?_replace=1 [32m200[0m 1.580 ms - 23002[0m
[0mGET /sdk/thirds/@fortawesome/fontawesome-free/webfonts/fa-regular-400.woff2 [32m200[0m 2.928 ms - 25452[0m
[0mGET /sdk/thirds/@fortawesome/fontawesome-free/webfonts/fa-brands-400.woff2 [32m200[0m 3.228 ms - 117372[0m
[0mGET /favicon.ico [32m200[0m 1.770 ms - 6826[0m
[0mGET / [32m200[0m 2.833 ms - 6826[0m
[0mGET /sdk/iconfont.css [32m200[0m 4.512 ms - 153412[0m
[0mGET /sdk/helper.css [32m200[0m 6.153 ms - 967546[0m
[0mGET /sdk/sdk.js [32m200[0m 4.718 ms - 4508718[0m
[0mGET /sdk/sdk.css [32m200[0m 2.513 ms - 2464942[0m
[0mGET /sdk/thirds/@fortawesome/fontawesome-free/webfonts/fa-solid-900.woff2 [32m200[0m 1.864 ms - 156496[0m
[0mGET /public/logo.png [32m200[0m 2.843 ms - 6242[0m
[0mGET /pages/site.json [32m200[0m 1.562 ms - 5276[0m
[0mGET /pages/uitests/test.json?_replace=1 [32m200[0m 7.462 ms - 23106[0m
[0mGET /sdk/thirds/@fortawesome/fontawesome-free/webfonts/fa-regular-400.woff2 [32m200[0m 3.203 ms - 25452[0m
[0mGET /sdk/thirds/@fortawesome/fontawesome-free/webfonts/fa-brands-400.woff2 [32m200[0m 3.353 ms - 117372[0m
[0mGET /favicon.ico [32m200[0m 1.878 ms - 6826[0m
[0mGET /sdk/thirds/monaco-editor/min/vs/loader.js [32m200[0m 1.859 ms - 33227[0m
[0mGET /sdk/thirds/monaco-editor/min/vs/thirds/monaco-editor/min-maps/vs/loader.js.map [32m200[0m 4.097 ms - 6826[0m
[0mGET /sdk/thirds/monaco-editor/min/vs/editor/editor.main.js [32m200[0m 2.976 ms - 2792320[0m
[0mGET /sdk/thirds/monaco-editor/min/vs/editor/editor.main.css [32m200[0m 1.811 ms - 72052[0m
[0mGET /sdk/thirds/monaco-editor/min/vs/editor/editor.main.nls.zh-cn.js [32m200[0m 1.545 ms - 113585[0m
[0mGET /sdk/thirds/monaco-editor/min/vs/editor/thirds/monaco-editor/min-maps/vs/editor/editor.main.js.map [32m200[0m 1.922 ms - 6826[0m
[0mGET /sdk/thirds/monaco-editor/min/vs/editor/thirds/monaco-editor/min-maps/vs/editor/editor.main.nls.zh-cn.js.map [32m200[0m 2.548 ms - 6826[0m
[0mGET /sdk/thirds/monaco-editor/min/vs/base/worker/workerMain.js [32m200[0m 1.848 ms - 192866[0m
[0mGET /sdk/thirds/monaco-editor/min/vs/base/worker/thirds/monaco-editor/min-maps/vs/base/worker/workerMain.js.map [32m200[0m 2.198 ms - 6826[0m
[0mGET /sdk/thirds/monaco-editor/min/vs/base/worker/workerMain.js [36m304[0m 4.544 ms - -[0m
[0mGET /sdk/thirds/monaco-editor/min/vs/base/browser/ui/codicons/codicon/codicon.ttf [32m200[0m 1.892 ms - 68156[0m
[0mGET / [36m304[0m 2.225 ms - -[0m
[0mGET /sdk/sdk.css [36m304[0m 1.302 ms - -[0m
[0mGET /sdk/helper.css [36m304[0m 0.956 ms - -[0m
[0mGET /sdk/iconfont.css [36m304[0m 0.739 ms - -[0m
[0mGET /sdk/sdk.js [36m304[0m 0.769 ms - -[0m
[0mGET /public/logo.png [36m304[0m 2.365 ms - -[0m
[0mGET /pages/site.json [36m304[0m 2.491 ms - -[0m
[0mGET /sdk/thirds/@fortawesome/fontawesome-free/webfonts/fa-solid-900.woff2 [36m304[0m 1.117 ms - -[0m
[0mGET /pages/uitests/test.json?_replace=1 [32m200[0m 2.336 ms - 23071[0m
[0mGET /sdk/thirds/@fortawesome/fontawesome-free/webfonts/fa-brands-400.woff2 [36m304[0m 1.077 ms - -[0m
[0mGET /sdk/thirds/@fortawesome/fontawesome-free/webfonts/fa-regular-400.woff2 [36m304[0m 1.231 ms - -[0m
[0mGET /favicon.ico [36m304[0m 1.259 ms - -[0m
[0mGET /sdk/thirds/monaco-editor/min/vs/loader.js [36m304[0m 1.293 ms - -[0m
[0mGET /sdk/thirds/monaco-editor/min/vs/editor/editor.main.js [36m304[0m 1.184 ms - -[0m
[0mGET /sdk/thirds/monaco-editor/min/vs/editor/editor.main.css [36m304[0m 1.032 ms - -[0m
[0mGET /sdk/thirds/monaco-editor/min/vs/editor/editor.main.nls.zh-cn.js [36m304[0m 1.104 ms - -[0m
[0mGET /sdk/thirds/monaco-editor/min/vs/base/worker/workerMain.js [36m304[0m 1.342 ms - -[0m
[0mGET /sdk/thirds/monaco-editor/min/vs/base/browser/ui/codicons/codicon/codicon.ttf [36m304[0m 1.289 ms - -[0m
[0mGET / [36m304[0m 2.167 ms - -[0m
[0mGET /sdk/sdk.css [36m304[0m 2.115 ms - -[0m
[0mGET /sdk/helper.css [36m304[0m 2.158 ms - -[0m
[0mGET /sdk/iconfont.css [36m304[0m 2.085 ms - -[0m
[0mGET /sdk/sdk.js [36m304[0m 0.589 ms - -[0m
[0mGET /public/logo.png [36m304[0m 1.218 ms - -[0m
[0mGET /pages/site.json [36m304[0m 2.064 ms - -[0m
[0mGET /sdk/thirds/@fortawesome/fontawesome-free/webfonts/fa-solid-900.woff2 [36m304[0m 2.187 ms - -[0m
[0mGET /pages/uitests/test.json?_replace=1 [32m200[0m 1.868 ms - 17943[0m
[0mGET /sdk/thirds/@fortawesome/fontawesome-free/webfonts/fa-brands-400.woff2 [36m304[0m 1.079 ms - -[0m
[0mGET /sdk/thirds/@fortawesome/fontawesome-free/webfonts/fa-regular-400.woff2 [36m304[0m 1.082 ms - -[0m
[0mGET /favicon.ico [36m304[0m 1.222 ms - -[0m
[0mGET /sdk/thirds/monaco-editor/min/vs/loader.js [36m304[0m 1.070 ms - -[0m
[0mGET /sdk/thirds/monaco-editor/min/vs/editor/editor.main.js [36m304[0m 1.149 ms - -[0m
[0mGET /sdk/thirds/monaco-editor/min/vs/editor/editor.main.css [36m304[0m 1.110 ms - -[0m
[0mGET /sdk/thirds/monaco-editor/min/vs/editor/editor.main.nls.zh-cn.js [36m304[0m 1.037 ms - -[0m
[0mGET /sdk/thirds/monaco-editor/min/vs/base/worker/workerMain.js [36m304[0m 1.045 ms - -[0m
[0mGET /sdk/thirds/monaco-editor/min/vs/base/browser/ui/codicons/codicon/codicon.ttf [36m304[0m 1.291 ms - -[0m
[0mGET / [36m304[0m 2.690 ms - -[0m
[0mGET /sdk/sdk.css [36m304[0m 1.228 ms - -[0m
[0mGET /sdk/helper.css [36m304[0m 3.158 ms - -[0m
[0mGET /sdk/sdk.js [36m304[0m 2.521 ms - -[0m
[0mGET /sdk/iconfont.css [36m304[0m 2.101 ms - -[0m
[0mGET /public/logo.png [36m304[0m 3.099 ms - -[0m
[0mGET /sdk/thirds/@fortawesome/fontawesome-free/webfonts/fa-solid-900.woff2 [36m304[0m 3.272 ms - -[0m
[0mGET /pages/site.json [36m304[0m 3.435 ms - -[0m
[0mGET /pages/uitests/test.json?_replace=1 [32m200[0m 3.186 ms - 17984[0m
[0mGET /sdk/thirds/@fortawesome/fontawesome-free/webfonts/fa-brands-400.woff2 [36m304[0m 2.149 ms - -[0m
[0mGET /sdk/thirds/@fortawesome/fontawesome-free/webfonts/fa-regular-400.woff2 [36m304[0m 2.191 ms - -[0m
[0mGET /favicon.ico [36m304[0m 1.172 ms - -[0m
[0mGET / [36m304[0m 1.215 ms - -[0m
[0mGET /sdk/sdk.css [36m304[0m 1.019 ms - -[0m
[0mGET /sdk/helper.css [36m304[0m 1.007 ms - -[0m
[0mGET /sdk/iconfont.css [36m304[0m 2.359 ms - -[0m
[0mGET /sdk/sdk.js [36m304[0m 2.447 ms - -[0m
[0mGET /public/logo.png [36m304[0m 1.123 ms - -[0m
[0mGET /pages/site.json [36m304[0m 2.137 ms - -[0m
[0mGET /sdk/thirds/@fortawesome/fontawesome-free/webfonts/fa-solid-900.woff2 [36m304[0m 2.120 ms - -[0m
[0mGET /pages/uitests/test.json?_replace=1 [32m200[0m 1.684 ms - 18020[0m
[0mGET /sdk/thirds/@fortawesome/fontawesome-free/webfonts/fa-brands-400.woff2 [36m304[0m 2.108 ms - -[0m
[0mGET /sdk/thirds/@fortawesome/fontawesome-free/webfonts/fa-regular-400.woff2 [36m304[0m 2.265 ms - -[0m
[0mGET /favicon.ico [36m304[0m 1.148 ms - -[0m
[0mGET /sdk/thirds/monaco-editor/min/vs/loader.js [36m304[0m 2.944 ms - -[0m
[0mGET /sdk/thirds/monaco-editor/min/vs/editor/editor.main.js [36m304[0m 0.641 ms - -[0m
[0mGET /sdk/thirds/monaco-editor/min/vs/editor/editor.main.css [36m304[0m 1.497 ms - -[0m
[0mGET /sdk/thirds/monaco-editor/min/vs/editor/editor.main.nls.zh-cn.js [36m304[0m 1.391 ms - -[0m
[0mGET /sdk/thirds/monaco-editor/min/vs/base/worker/workerMain.js [36m304[0m 1.271 ms - -[0m
[0mGET /sdk/thirds/monaco-editor/min/vs/base/worker/workerMain.js [36m304[0m 1.812 ms - -[0m
[0mGET /sdk/thirds/monaco-editor/min/vs/base/browser/ui/codicons/codicon/codicon.ttf [36m304[0m 1.576 ms - -[0m
[0mGET /sdk/thirds/monaco-editor/min/vs/base/worker/workerMain.js [36m304[0m 3.258 ms - -[0m
[0mGET /sdk/thirds/monaco-editor/min/vs/base/worker/workerMain.js [36m304[0m 3.858 ms - -[0m
[0mGET /sdk/thirds/monaco-editor/min/vs/base/worker/workerMain.js [36m304[0m 2.697 ms - -[0m
[0mGET / [36m304[0m 3.054 ms - -[0m
[0mGET /sdk/sdk.css [36m304[0m 1.360 ms - -[0m
[0mGET /sdk/iconfont.css [36m304[0m 8.524 ms - -[0m
[0mGET /sdk/helper.css [36m304[0m 8.236 ms - -[0m
[0mGET /sdk/sdk.js [36m304[0m 7.961 ms - -[0m
[0mGET /public/logo.png [36m304[0m 1.192 ms - -[0m
[0mGET /sdk/thirds/@fortawesome/fontawesome-free/webfonts/fa-solid-900.woff2 [36m304[0m 2.374 ms - -[0m
[0mGET /pages/site.json [36m304[0m 2.442 ms - -[0m
[0mGET /pages/uitests/test.json?_replace=1 [32m200[0m 2.189 ms - 18026[0m
[0mGET /sdk/thirds/@fortawesome/fontawesome-free/webfonts/fa-regular-400.woff2 [36m304[0m 2.029 ms - -[0m
[0mGET /sdk/thirds/@fortawesome/fontawesome-free/webfonts/fa-brands-400.woff2 [36m304[0m 2.173 ms - -[0m
[0mGET /favicon.ico [36m304[0m 1.266 ms - -[0m
[0mGET /sdk/thirds/monaco-editor/min/vs/loader.js [36m304[0m 2.254 ms - -[0m
[0mGET /sdk/thirds/monaco-editor/min/vs/editor/editor.main.js [36m304[0m 0.969 ms - -[0m
[0mGET /sdk/thirds/monaco-editor/min/vs/editor/editor.main.css [36m304[0m 1.202 ms - -[0m
[0mGET /sdk/thirds/monaco-editor/min/vs/editor/editor.main.nls.zh-cn.js [36m304[0m 1.099 ms - -[0m
[0mGET /sdk/thirds/monaco-editor/min/vs/base/worker/workerMain.js [36m304[0m 1.135 ms - -[0m
[0mGET /sdk/thirds/monaco-editor/min/vs/base/worker/workerMain.js [36m304[0m 1.228 ms - -[0m
[0mGET /sdk/helper.css [36m304[0m 4.936 ms - -[0m
[0mGET /sdk/sdk.css [36m304[0m 4.847 ms - -[0m
[0mGET /sdk/thirds/monaco-editor/min/vs/editor/editor.main.css [36m304[0m 8.527 ms - -[0m
[0mGET /sdk/iconfont.css [36m304[0m 8.244 ms - -[0m
[0mGET /sdk/thirds/monaco-editor/min/vs/thirds/monaco-editor/min-maps/vs/loader.js.map [32m200[0m 5.370 ms - 6826[0m
[0mGET /sdk/thirds/monaco-editor/min/vs/editor/thirds/monaco-editor/min-maps/vs/editor/editor.main.js.map [32m200[0m 5.787 ms - 6826[0m
[0mGET /sdk/thirds/monaco-editor/min/vs/base/worker/workerMain.js [32m200[0m 3.010 ms - 192866[0m
[0mGET /sdk/thirds/monaco-editor/min/vs/base/worker/thirds/monaco-editor/min-maps/vs/base/worker/workerMain.js.map [32m200[0m 2.655 ms - 6826[0m
[0mGET /sdk/thirds/monaco-editor/min/vs/base/browser/ui/codicons/codicon/codicon.ttf [36m304[0m 1.439 ms - -[0m
[0mGET /sdk/thirds/monaco-editor/min/vs/base/worker/workerMain.js [32m200[0m 1.902 ms - 192866[0m
[0mGET /sdk/thirds/monaco-editor/min/vs/base/worker/thirds/monaco-editor/min-maps/vs/base/worker/workerMain.js.map [32m200[0m 2.323 ms - 6826[0m
[0mGET /sdk/thirds/monaco-editor/min/vs/base/worker/workerMain.js [32m200[0m 1.754 ms - 192866[0m
[0mGET /sdk/thirds/monaco-editor/min/vs/base/worker/thirds/monaco-editor/min-maps/vs/base/worker/workerMain.js.map [32m200[0m 2.039 ms - 6826[0m
[0mGET /sdk/thirds/monaco-editor/min/vs/base/worker/workerMain.js [32m200[0m 4.590 ms - 192866[0m
[0mGET /sdk/thirds/monaco-editor/min/vs/base/worker/thirds/monaco-editor/min-maps/vs/base/worker/workerMain.js.map [32m200[0m 2.817 ms - 6826[0m
[0mGET /sdk/thirds/monaco-editor/min/vs/base/worker/workerMain.js [32m200[0m 4.042 ms - 192866[0m
[0mGET /sdk/thirds/monaco-editor/min/vs/base/worker/thirds/monaco-editor/min-maps/vs/base/worker/workerMain.js.map [32m200[0m 10.444 ms - 6826[0m
[0mGET /sdk/thirds/monaco-editor/min/vs/base/worker/workerMain.js [32m200[0m 3.120 ms - 192866[0m
[0mGET /sdk/thirds/monaco-editor/min/vs/base/worker/thirds/monaco-editor/min-maps/vs/base/worker/workerMain.js.map [32m200[0m 2.727 ms - 6826[0m
[0mGET /sdk/thirds/monaco-editor/min/vs/base/worker/workerMain.js [32m200[0m 3.066 ms - 192866[0m
[0mGET /sdk/thirds/monaco-editor/min/vs/base/worker/thirds/monaco-editor/min-maps/vs/base/worker/workerMain.js.map [32m200[0m 2.721 ms - 6826[0m
[0mGET /sdk/thirds/monaco-editor/min/vs/base/worker/workerMain.js [32m200[0m 4.367 ms - 192866[0m
[0mGET /sdk/thirds/monaco-editor/min/vs/base/worker/thirds/monaco-editor/min-maps/vs/base/worker/workerMain.js.map [32m200[0m 3.371 ms - 6826[0m
[0mGET /sdk/thirds/monaco-editor/min/vs/base/worker/workerMain.js [32m200[0m 4.435 ms - 192866[0m
[0mGET /sdk/thirds/monaco-editor/min/vs/base/worker/thirds/monaco-editor/min-maps/vs/base/worker/workerMain.js.map [32m200[0m 2.882 ms - 6826[0m
[0mGET / [32m200[0m 3.384 ms - 6826[0m
[0mGET /sdk/sdk.css [32m200[0m 2.029 ms - 2464942[0m
[0mGET /sdk/iconfont.css [32m200[0m 7.413 ms - 153412[0m
[0mGET /sdk/helper.css [32m200[0m 6.198 ms - 967546[0m
[0mGET /sdk/sdk.js [32m200[0m 5.087 ms - 4508718[0m
[0mGET /sdk/thirds/@fortawesome/fontawesome-free/webfonts/fa-solid-900.woff2 [32m200[0m 2.013 ms - 156496[0m
[0mGET /public/logo.png [32m200[0m 2.498 ms - 6242[0m
[0mGET /pages/site.json [32m200[0m 2.493 ms - 5276[0m
[0mGET /pages/uitests/test.json?_replace=1 [32m200[0m 1.183 ms - 18026[0m
[0mGET /sdk/thirds/@fortawesome/fontawesome-free/webfonts/fa-regular-400.woff2 [32m200[0m 3.337 ms - 25452[0m
[0mGET /sdk/thirds/@fortawesome/fontawesome-free/webfonts/fa-brands-400.woff2 [32m200[0m 3.515 ms - 117372[0m
[0mGET /favicon.ico [32m200[0m 1.938 ms - 6826[0m
[0mGET /sdk/thirds/monaco-editor/min/vs/loader.js [32m200[0m 2.046 ms - 33227[0m
[0mGET /sdk/thirds/monaco-editor/min/vs/thirds/monaco-editor/min-maps/vs/loader.js.map [32m200[0m 3.603 ms - 6826[0m
[0mGET /sdk/thirds/monaco-editor/min/vs/editor/editor.main.js [32m200[0m 2.111 ms - 2792320[0m
[0mGET /sdk/thirds/monaco-editor/min/vs/editor/editor.main.nls.zh-cn.js [32m200[0m 4.731 ms - 113585[0m
[0mGET /sdk/thirds/monaco-editor/min/vs/editor/editor.main.css [32m200[0m 4.549 ms - 72052[0m
[0mGET /sdk/thirds/monaco-editor/min/vs/editor/thirds/monaco-editor/min-maps/vs/editor/editor.main.js.map [32m200[0m 3.748 ms - 6826[0m
[0mGET /sdk/thirds/monaco-editor/min/vs/editor/thirds/monaco-editor/min-maps/vs/editor/editor.main.nls.zh-cn.js.map [32m200[0m 2.540 ms - 6826[0m
[0mGET /sdk/thirds/monaco-editor/min/vs/base/worker/workerMain.js [32m200[0m 1.852 ms - 192866[0m
[0mGET /sdk/thirds/monaco-editor/min/vs/base/worker/thirds/monaco-editor/min-maps/vs/base/worker/workerMain.js.map [32m200[0m 2.154 ms - 6826[0m
[0mGET /sdk/thirds/monaco-editor/min/vs/base/browser/ui/codicons/codicon/codicon.ttf [32m200[0m 2.266 ms - 68156[0m
[0mGET / [32m200[0m 3.286 ms - 6826[0m
[0mGET /sdk/iconfont.css [32m200[0m 4.222 ms - 153412[0m
[0mGET /sdk/helper.css [32m200[0m 4.450 ms - 967546[0m
[0mGET /sdk/sdk.css [32m200[0m 2.079 ms - 2464942[0m
[0mGET /sdk/sdk.js [32m200[0m 4.539 ms - 4508718[0m
[0mGET /sdk/thirds/@fortawesome/fontawesome-free/webfonts/fa-solid-900.woff2 [32m200[0m 1.822 ms - 156496[0m
[0mGET /public/logo.png [32m200[0m 3.318 ms - 6242[0m
[0mGET /pages/site.json [32m200[0m 1.270 ms - 5276[0m
[0mGET /pages/uitests/test.json?_replace=1 [32m200[0m 7.242 ms - 18026[0m
[0mGET /sdk/thirds/@fortawesome/fontawesome-free/webfonts/fa-regular-400.woff2 [32m200[0m 3.015 ms - 25452[0m
[0mGET /sdk/thirds/@fortawesome/fontawesome-free/webfonts/fa-brands-400.woff2 [32m200[0m 3.373 ms - 117372[0m
[0mGET /favicon.ico [32m200[0m 1.742 ms - 6826[0m
[0mGET /sdk/thirds/monaco-editor/min/vs/loader.js [32m200[0m 4.178 ms - 33227[0m
[0mGET /sdk/thirds/monaco-editor/min/vs/thirds/monaco-editor/min-maps/vs/loader.js.map [32m200[0m 3.606 ms - 6826[0m
[0mGET /sdk/thirds/monaco-editor/min/vs/editor/editor.main.js [32m200[0m 1.998 ms - 2792320[0m
[0mGET /sdk/thirds/monaco-editor/min/vs/editor/editor.main.css [32m200[0m 2.020 ms - 72052[0m
[0mGET /sdk/thirds/monaco-editor/min/vs/editor/editor.main.nls.zh-cn.js [32m200[0m 2.051 ms - 113585[0m
[0mGET /sdk/thirds/monaco-editor/min/vs/editor/thirds/monaco-editor/min-maps/vs/editor/editor.main.js.map [32m200[0m 2.360 ms - 6826[0m
[0mGET /sdk/thirds/monaco-editor/min/vs/editor/thirds/monaco-editor/min-maps/vs/editor/editor.main.nls.zh-cn.js.map [32m200[0m 2.210 ms - 6826[0m
[0mGET /sdk/thirds/monaco-editor/min/vs/base/worker/workerMain.js [32m200[0m 1.982 ms - 192866[0m
[0mGET /sdk/thirds/monaco-editor/min/vs/base/worker/thirds/monaco-editor/min-maps/vs/base/worker/workerMain.js.map [32m200[0m 2.307 ms - 6826[0m
[0mGET /sdk/thirds/monaco-editor/min/vs/base/browser/ui/codicons/codicon/codicon.ttf [32m200[0m 2.231 ms - 68156[0m
[0mGET /sdk/thirds/monaco-editor/min/vs/base/worker/workerMain.js [32m200[0m 8.995 ms - 192866[0m
[0mGET /sdk/thirds/monaco-editor/min/vs/base/worker/thirds/monaco-editor/min-maps/vs/base/worker/workerMain.js.map [32m200[0m 2.979 ms - 6826[0m
[0mGET / [32m200[0m 3.700 ms - 6826[0m
[0mGET /sdk/iconfont.css [32m200[0m 5.161 ms - 153412[0m
[0mGET /sdk/sdk.css [32m200[0m 2.165 ms - 2464942[0m
[0mGET /sdk/helper.css [32m200[0m 4.816 ms - 967546[0m
[0mGET /sdk/sdk.js [32m200[0m 5.038 ms - 4508718[0m
[0mGET /sdk/thirds/@fortawesome/fontawesome-free/webfonts/fa-solid-900.woff2 [32m200[0m 2.176 ms - 156496[0m
[0mGET /public/logo.png [32m200[0m 1.406 ms - 6242[0m
[0mGET /pages/site.json [32m200[0m 1.401 ms - 5276[0m
[0mGET /pages/uitests/test.json?_replace=1 [32m200[0m 2.257 ms - 18026[0m
[0mGET /sdk/thirds/@fortawesome/fontawesome-free/webfonts/fa-regular-400.woff2 [32m200[0m 2.826 ms - 25452[0m
[0mGET /sdk/thirds/@fortawesome/fontawesome-free/webfonts/fa-brands-400.woff2 [32m200[0m 3.196 ms - 117372[0m
[0mGET /favicon.ico [32m200[0m 5.995 ms - 6826[0m
[0mGET /sdk/thirds/monaco-editor/min/vs/loader.js [32m200[0m 4.323 ms - 33227[0m
[0mGET /sdk/thirds/monaco-editor/min/vs/thirds/monaco-editor/min-maps/vs/loader.js.map [32m200[0m 4.357 ms - 6826[0m
[0mGET /sdk/thirds/monaco-editor/min/vs/editor/editor.main.js [32m200[0m 1.246 ms - 2792320[0m
[0mGET /sdk/thirds/monaco-editor/min/vs/editor/editor.main.css [32m200[0m 2.120 ms - 72052[0m
[0mGET /sdk/thirds/monaco-editor/min/vs/editor/editor.main.nls.zh-cn.js [32m200[0m 1.559 ms - 113585[0m
[0mGET /sdk/thirds/monaco-editor/min/vs/editor/thirds/monaco-editor/min-maps/vs/editor/editor.main.js.map [32m200[0m 2.122 ms - 6826[0m
[0mGET /sdk/thirds/monaco-editor/min/vs/editor/thirds/monaco-editor/min-maps/vs/editor/editor.main.nls.zh-cn.js.map [32m200[0m 2.403 ms - 6826[0m
[0mGET /sdk/thirds/monaco-editor/min/vs/base/worker/workerMain.js [32m200[0m 2.122 ms - 192866[0m
[0mGET /sdk/thirds/monaco-editor/min/vs/base/worker/thirds/monaco-editor/min-maps/vs/base/worker/workerMain.js.map [32m200[0m 6.141 ms - 6826[0m
[0mGET /sdk/thirds/monaco-editor/min/vs/base/browser/ui/codicons/codicon/codicon.ttf [32m200[0m 2.057 ms - 68156[0m
[0mGET /sdk/thirds/monaco-editor/min/vs/base/worker/workerMain.js [32m200[0m 3.145 ms - 192866[0m
[0mGET /sdk/thirds/monaco-editor/min/vs/base/worker/thirds/monaco-editor/min-maps/vs/base/worker/workerMain.js.map [32m200[0m 2.571 ms - 6826[0m
[0mGET /sdk/thirds/monaco-editor/min/vs/base/worker/workerMain.js [32m200[0m 3.329 ms - 192866[0m
[0mGET /sdk/thirds/monaco-editor/min/vs/base/worker/thirds/monaco-editor/min-maps/vs/base/worker/workerMain.js.map [32m200[0m 8.627 ms - 6826[0m
[0mGET /sdk/thirds/monaco-editor/min/vs/base/worker/workerMain.js [32m200[0m 2.884 ms - 192866[0m
[0mGET /sdk/thirds/monaco-editor/min/vs/base/worker/thirds/monaco-editor/min-maps/vs/base/worker/workerMain.js.map [32m200[0m 2.737 ms - 6826[0m
[0mGET / [32m200[0m 3.899 ms - 6826[0m
[0mGET /sdk/iconfont.css [32m200[0m 1.555 ms - 153412[0m
[0mGET /sdk/sdk.css [32m200[0m 1.908 ms - 2464942[0m
[0mGET /sdk/helper.css [32m200[0m 2.065 ms - 967546[0m
[0mGET /sdk/sdk.js [32m200[0m 1.827 ms - 4508718[0m
[0mGET /sdk/thirds/@fortawesome/fontawesome-free/webfonts/fa-solid-900.woff2 [32m200[0m 2.302 ms - 156496[0m
[0mGET /public/logo.png [32m200[0m 1.514 ms - 6242[0m
[0mGET /pages/site.json [32m200[0m 1.506 ms - 5276[0m
[0mGET /pages/uitests/test.json?_replace=1 [32m200[0m 1.731 ms - 18026[0m
[0mGET /sdk/thirds/@fortawesome/fontawesome-free/webfonts/fa-regular-400.woff2 [32m200[0m 3.438 ms - 25452[0m
[0mGET /sdk/thirds/@fortawesome/fontawesome-free/webfonts/fa-brands-400.woff2 [32m200[0m 9.293 ms - 117372[0m
[0mGET /favicon.ico [32m200[0m 1.956 ms - 6826[0m
[0mGET / [32m200[0m 1.223 ms - 6826[0m
[0mGET /sdk/iconfont.css [32m200[0m 4.292 ms - 153412[0m
[0mGET /sdk/helper.css [32m200[0m 2.534 ms - 967546[0m
[0mGET /sdk/sdk.css [32m200[0m 2.034 ms - 2464942[0m
[0mGET /sdk/sdk.js [32m200[0m 2.388 ms - 4508718[0m
[0mGET /sdk/thirds/@fortawesome/fontawesome-free/webfonts/fa-solid-900.woff2 [32m200[0m 4.022 ms - 156496[0m
[0mGET /public/logo.png [32m200[0m 1.652 ms - 6242[0m
[0mGET /pages/site.json [32m200[0m 0.699 ms - 5276[0m
[0mGET /pages/uitests/test.json?_replace=1 [32m200[0m 4.267 ms - 18026[0m
[0mGET /sdk/thirds/@fortawesome/fontawesome-free/webfonts/fa-regular-400.woff2 [32m200[0m 4.756 ms - 25452[0m
[0mGET /sdk/thirds/@fortawesome/fontawesome-free/webfonts/fa-brands-400.woff2 [32m200[0m 4.858 ms - 117372[0m
[0mGET /favicon.ico [32m200[0m 2.016 ms - 6826[0m
[0mGET / [32m200[0m 1.830 ms - 6826[0m
[0mGET /sdk/iconfont.css [32m200[0m 3.662 ms - 153412[0m
[0mGET /sdk/helper.css [32m200[0m 1.707 ms - 967546[0m
[0mGET /sdk/sdk.css [32m200[0m 1.681 ms - 2464942[0m
[0mGET /sdk/sdk.js [32m200[0m 3.324 ms - 4508718[0m
[0mGET /public/logo.png [32m200[0m 3.674 ms - 6242[0m
[0mGET /sdk/thirds/@fortawesome/fontawesome-free/webfonts/fa-solid-900.woff2 [32m200[0m 2.951 ms - 156496[0m
[0mGET /pages/site.json [32m200[0m 1.238 ms - 5276[0m
[0mGET /pages/uitests/test.json?_replace=1 [32m200[0m 1.690 ms - 18026[0m
[0mGET /sdk/thirds/@fortawesome/fontawesome-free/webfonts/fa-regular-400.woff2 [32m200[0m 3.128 ms - 25452[0m
[0mGET /sdk/thirds/@fortawesome/fontawesome-free/webfonts/fa-brands-400.woff2 [32m200[0m 5.718 ms - 117372[0m
[0mGET /favicon.ico [32m200[0m 1.594 ms - 6826[0m
[0mGET / [32m200[0m 2.627 ms - 6826[0m
[0mGET /sdk/iconfont.css [32m200[0m 4.538 ms - 153412[0m
[0mGET /sdk/sdk.css [32m200[0m 1.691 ms - 2464942[0m
[0mGET /sdk/sdk.js [32m200[0m 1.788 ms - 4508718[0m
[0mGET /sdk/helper.css [32m200[0m 2.184 ms - 967546[0m
[0mGET /sdk/thirds/@fortawesome/fontawesome-free/webfonts/fa-solid-900.woff2 [32m200[0m 2.024 ms - 156496[0m
[0mGET /public/logo.png [32m200[0m 2.689 ms - 6242[0m
[0mGET /pages/site.json [32m200[0m 1.396 ms - 5276[0m
[0mGET /pages/uitests/test.json?_replace=1 [32m200[0m 1.493 ms - 18026[0m
[0mGET /sdk/thirds/@fortawesome/fontawesome-free/webfonts/fa-regular-400.woff2 [32m200[0m 6.455 ms - 25452[0m
[0mGET /sdk/thirds/@fortawesome/fontawesome-free/webfonts/fa-brands-400.woff2 [32m200[0m 6.639 ms - 117372[0m
[0mGET /favicon.ico [32m200[0m 1.741 ms - 6826[0m
[0mGET / [32m200[0m 3.010 ms - 6826[0m
[0mGET /sdk/iconfont.css [32m200[0m 2.612 ms - 153412[0m
[0mGET /sdk/helper.css [32m200[0m 3.005 ms - 967546[0m
[0mGET /sdk/sdk.css [32m200[0m 1.874 ms - 2464942[0m
[0mGET /sdk/sdk.js [32m200[0m 1.417 ms - 4508718[0m
[0mGET /sdk/thirds/@fortawesome/fontawesome-free/webfonts/fa-solid-900.woff2 [32m200[0m 2.070 ms - 156496[0m
[0mGET /public/logo.png [32m200[0m 2.606 ms - 6242[0m
[0mGET /pages/site.json [32m200[0m 1.011 ms - 5276[0m
[0mGET /pages/uitests/test.json?_replace=1 [32m200[0m 1.230 ms - 18026[0m
[0mGET /sdk/thirds/@fortawesome/fontawesome-free/webfonts/fa-regular-400.woff2 [32m200[0m 2.638 ms - 25452[0m
[0mGET /sdk/thirds/@fortawesome/fontawesome-free/webfonts/fa-brands-400.woff2 [32m200[0m 3.108 ms - 117372[0m
[0mGET /favicon.ico [32m200[0m 3.401 ms - 6826[0m
[0mGET / [32m200[0m 8.435 ms - 6826[0m
[0mGET /sdk/iconfont.css [32m200[0m 5.036 ms - 153412[0m
[0mGET /sdk/helper.css [32m200[0m 4.887 ms - 967546[0m
[0mGET /sdk/sdk.css [32m200[0m 5.600 ms - 2464942[0m
[0mGET /sdk/sdk.js [32m200[0m 2.399 ms - 4508718[0m
[0mGET /sdk/thirds/@fortawesome/fontawesome-free/webfonts/fa-solid-900.woff2 [32m200[0m 2.024 ms - 156496[0m
[0mGET /public/logo.png [32m200[0m 3.359 ms - 6242[0m
[0mGET /pages/site.json [32m200[0m 1.676 ms - 5276[0m
[0mGET /pages/uitests/test.json?_replace=1 [32m200[0m 1.700 ms - 18026[0m
[0mGET /sdk/thirds/@fortawesome/fontawesome-free/webfonts/fa-regular-400.woff2 [32m200[0m 11.992 ms - 25452[0m
[0mGET /sdk/thirds/@fortawesome/fontawesome-free/webfonts/fa-brands-400.woff2 [32m200[0m 3.500 ms - 117372[0m
[0mGET /favicon.ico [32m200[0m 2.026 ms - 6826[0m
[0mGET /images/ui-icons_444444_256x240.png [32m200[0m 1.780 ms - 6826[0m
[0mGET / [32m200[0m 4.373 ms - 6826[0m
[0mGET /sdk/iconfont.css [32m200[0m 2.578 ms - 153412[0m
[0mGET /sdk/helper.css [32m200[0m 1.744 ms - 967546[0m
[0mGET /sdk/sdk.js [32m200[0m 2.432 ms - 4508718[0m
[0mGET /sdk/sdk.css [32m200[0m 1.984 ms - 2464942[0m
[0mGET /sdk/thirds/@fortawesome/fontawesome-free/webfonts/fa-solid-900.woff2 [32m200[0m 1.844 ms - 156496[0m
[0mGET /public/logo.png [32m200[0m 1.570 ms - 6242[0m
[0mGET /pages/site.json [32m200[0m 1.174 ms - 5276[0m
[0mGET /pages/uitests/test.json?_replace=1 [32m200[0m 1.655 ms - 18071[0m
[0mGET /sdk/thirds/@fortawesome/fontawesome-free/webfonts/fa-regular-400.woff2 [32m200[0m 3.820 ms - 25452[0m
[0mGET /sdk/thirds/@fortawesome/fontawesome-free/webfonts/fa-brands-400.woff2 [32m200[0m 1.902 ms - 117372[0m
[0mGET /favicon.ico [32m200[0m 1.976 ms - 6826[0m
[0mGET / [32m200[0m 1.900 ms - 6826[0m
[0mGET /sdk/iconfont.css [32m200[0m 2.870 ms - 153412[0m
[0mGET /sdk/helper.css [32m200[0m 2.833 ms - 967546[0m
[0mGET /sdk/sdk.css [32m200[0m 8.870 ms - 2464942[0m
[0mGET /sdk/sdk.js [32m200[0m 2.276 ms - 4508718[0m
[0mGET /sdk/thirds/@fortawesome/fontawesome-free/webfonts/fa-solid-900.woff2 [32m200[0m 1.720 ms - 156496[0m
[0mGET /public/logo.png [32m200[0m 3.639 ms - 6242[0m
[0mGET /pages/site.json [32m200[0m 0.941 ms - 5276[0m
[0mGET /pages/uitests/test.json?_replace=1 [32m200[0m 2.670 ms - 18071[0m
[0mGET /sdk/thirds/@fortawesome/fontawesome-free/webfonts/fa-regular-400.woff2 [32m200[0m 3.003 ms - 25452[0m
[0mGET /sdk/thirds/@fortawesome/fontawesome-free/webfonts/fa-brands-400.woff2 [32m200[0m 3.374 ms - 117372[0m
[0mGET /favicon.ico [32m200[0m 1.692 ms - 6826[0m
[0mGET /images/ui-icons_444444_256x240.png [32m200[0m 2.993 ms - 6826[0m
[0mGET / [32m200[0m 2.387 ms - 6826[0m
[0mGET /sdk/iconfont.css [32m200[0m 3.945 ms - 153412[0m
[0mGET /sdk/helper.css [32m200[0m 4.074 ms - 967546[0m
[0mGET /sdk/sdk.css [32m200[0m 1.931 ms - 2464942[0m
[0mGET /sdk/sdk.js [32m200[0m 1.280 ms - 4508718[0m
[0mGET /sdk/thirds/@fortawesome/fontawesome-free/webfonts/fa-solid-900.woff2 [32m200[0m 1.958 ms - 156496[0m
[0mGET /public/logo.png [32m200[0m 2.779 ms - 6242[0m
[0mGET /pages/site.json [32m200[0m 1.591 ms - 5276[0m
[0mGET /pages/uitests/test.json?_replace=1 [32m200[0m 1.747 ms - 18071[0m
[0mGET /sdk/thirds/@fortawesome/fontawesome-free/webfonts/fa-regular-400.woff2 [32m200[0m 3.133 ms - 25452[0m
[0mGET /sdk/thirds/@fortawesome/fontawesome-free/webfonts/fa-brands-400.woff2 [32m200[0m 3.338 ms - 117372[0m
[0mGET /favicon.ico [32m200[0m 1.867 ms - 6826[0m

> amis-boilerplate@1.0.0 start /project/qing/amis-admin
> node server.js

Web server listening on port http://0.0.0.0:3000
[0mGET / [36m304[0m 6.670 ms - -[0m
[0mGET /sdk/sdk.css [36m304[0m 1.927 ms - -[0m
[0mGET /sdk/helper.css [36m304[0m 1.074 ms - -[0m
[0mGET /sdk/iconfont.css [36m304[0m 3.126 ms - -[0m
[0mGET /sdk/sdk.js [36m304[0m 3.309 ms - -[0m
[0mGET /public/logo.png [36m304[0m 3.122 ms - -[0m
[0mGET /pages/site.json [36m304[0m 3.346 ms - -[0m
[0mGET /sdk/thirds/@fortawesome/fontawesome-free/webfonts/fa-solid-900.woff2 [36m304[0m 0.962 ms - -[0m
[0mGET /pages/uitests/test.json?_replace=1 [36m304[0m 1.752 ms - -[0m
[0mGET /sdk/thirds/@fortawesome/fontawesome-free/webfonts/fa-brands-400.woff2 [36m304[0m 3.759 ms - -[0m
[0mGET /sdk/thirds/@fortawesome/fontawesome-free/webfonts/fa-regular-400.woff2 [36m304[0m 3.486 ms - -[0m
[0mGET /favicon.ico [36m304[0m 1.814 ms - -[0m
[0mGET /sdk/thirds/monaco-editor/min/vs/loader.js [32m200[0m 2.993 ms - 33227[0m
[0mGET /sdk/thirds/monaco-editor/min/vs/editor/editor.main.js [32m200[0m 1.095 ms - 2792320[0m
[0mGET /sdk/thirds/monaco-editor/min/vs/editor/editor.main.css [32m200[0m 2.523 ms - 72052[0m
[0mGET /sdk/thirds/monaco-editor/min/vs/editor/editor.main.nls.zh-cn.js [32m200[0m 1.683 ms - 113585[0m
[0mGET /sdk/thirds/monaco-editor/min/vs/base/worker/workerMain.js [32m200[0m 2.233 ms - 192866[0m
[0mGET /sdk/thirds/monaco-editor/min/vs/base/browser/ui/codicons/codicon/codicon.ttf [32m200[0m 2.378 ms - 68156[0m
[0mGET /sdk/thirds/monaco-editor/min/vs/base/worker/workerMain.js [36m304[0m 1.404 ms - -[0m
[0mGET /sdk/thirds/monaco-editor/min/vs/base/worker/workerMain.js [36m304[0m 1.490 ms - -[0m
